0 info it worked if it ends with ok
1 verbose cli [ '/usr/bin/node',
1 verbose cli   '/usr/bin/npm',
1 verbose cli   'install',
1 verbose cli   '--save-dev',
1 verbose cli   'ui.router' ]
2 info using npm@1.4.28
3 info using node@v0.10.33
4 verbose node symlink /usr/bin/node
5 verbose readDependencies using package.json deps
6 verbose cache add [ 'ui.router', null ]
7 verbose cache add name=undefined spec="ui.router" args=["ui.router",null]
8 verbose parsed url { protocol: null,
8 verbose parsed url   slashes: null,
8 verbose parsed url   auth: null,
8 verbose parsed url   host: null,
8 verbose parsed url   port: null,
8 verbose parsed url   hostname: null,
8 verbose parsed url   hash: null,
8 verbose parsed url   search: null,
8 verbose parsed url   query: null,
8 verbose parsed url   pathname: 'ui.router',
8 verbose parsed url   path: 'ui.router',
8 verbose parsed url   href: 'ui.router' }
9 silly lockFile d5924ed8-ui-router ui.router
10 verbose lock ui.router /home/lasha/.npm/d5924ed8-ui-router.lock
11 silly lockFile d5924ed8-ui-router ui.router
12 silly lockFile d5924ed8-ui-router ui.router
13 verbose addNamed [ 'ui.router', '' ]
14 verbose addNamed [ null, '*' ]
15 silly lockFile 37afa57f-ui-router ui.router@
16 verbose lock ui.router@ /home/lasha/.npm/37afa57f-ui-router.lock
17 silly addNameRange { name: 'ui.router', range: '*', hasData: false }
18 verbose request where is /ui.router
19 verbose request registry https://registry.npmjs.org/
20 verbose request id ca1185322ec5d2f3
21 verbose url raw /ui.router
22 verbose url resolving [ 'https://registry.npmjs.org/', './ui.router' ]
23 verbose url resolved https://registry.npmjs.org/ui.router
24 verbose request where is https://registry.npmjs.org/ui.router
25 info trying registry request attempt 1 at 18:42:37
26 http GET https://registry.npmjs.org/ui.router
27 http 404 https://registry.npmjs.org/ui.router
28 verbose headers { date: 'Fri, 06 Mar 2015 14:42:38 GMT',
28 verbose headers   server: 'CouchDB/1.5.0 (Erlang OTP/R16B03)',
28 verbose headers   'content-type': 'application/json',
28 verbose headers   'cache-control': 'max-age=0',
28 verbose headers   'content-length': '52',
28 verbose headers   'accept-ranges': 'bytes',
28 verbose headers   via: '1.1 varnish',
28 verbose headers   age: '0',
28 verbose headers   'x-served-by': 'cache-fra1248-FRA',
28 verbose headers   'x-cache': 'MISS',
28 verbose headers   'x-cache-hits': '0',
28 verbose headers   'x-timer': 'S1425652957.928756,VS0,VE105',
28 verbose headers   'keep-alive': 'timeout=10, max=50',
28 verbose headers   connection: 'Keep-Alive' }
29 silly registry.get cb [ 404,
29 silly registry.get   { date: 'Fri, 06 Mar 2015 14:42:38 GMT',
29 silly registry.get     server: 'CouchDB/1.5.0 (Erlang OTP/R16B03)',
29 silly registry.get     'content-type': 'application/json',
29 silly registry.get     'cache-control': 'max-age=0',
29 silly registry.get     'content-length': '52',
29 silly registry.get     'accept-ranges': 'bytes',
29 silly registry.get     via: '1.1 varnish',
29 silly registry.get     age: '0',
29 silly registry.get     'x-served-by': 'cache-fra1248-FRA',
29 silly registry.get     'x-cache': 'MISS',
29 silly registry.get     'x-cache-hits': '0',
29 silly registry.get     'x-timer': 'S1425652957.928756,VS0,VE105',
29 silly registry.get     'keep-alive': 'timeout=10, max=50',
29 silly registry.get     connection: 'Keep-Alive' } ]
30 silly lockFile 37afa57f-ui-router ui.router@
31 silly lockFile 37afa57f-ui-router ui.router@
32 error 404 404 Not Found: ui.router
32 error 404
32 error 404 'ui.router' is not in the npm registry.
32 error 404 You should bug the author to publish it
32 error 404 It was specified as a dependency of 'blogger'
32 error 404
32 error 404 Note that you can also install from a
32 error 404 tarball, folder, or http url, or git url.
33 error System Linux 3.13.0-36-generic
34 error command "/usr/bin/node" "/usr/bin/npm" "install" "--save-dev" "ui.router"
35 error cwd /home/lasha/Desktop/blogger
36 error node -v v0.10.33
37 error npm -v 1.4.28
38 error code E404
39 verbose exit [ 1, true ]
